TN:
SF:/Users/Sausage/codingChallenges/binarySearch.js
FN:1,search
FNF:1
FNH:0
FNDA:0,search
DA:2,0
DA:3,0
DA:5,0
DA:6,0
DA:7,0
DA:8,0
DA:10,0
DA:11,0
DA:13,0
DA:16,0
DA:18,0
LF:11
LH:0
BRDA:7,0,0,0
BRDA:7,0,1,0
BRDA:10,1,0,0
BRDA:10,1,1,0
BRF:4
BRH:0
end_of_record
TN:
SF:/Users/Sausage/codingChallenges/domainName.js
FN:5,domainName
FNF:1
FNH:0
FNDA:0,domainName
DA:6,0
DA:7,0
DA:10,0
DA:11,0
DA:13,0
DA:15,0
DA:20,0
DA:21,0
DA:22,0
DA:23,0
LF:10
LH:0
BRF:0
BRH:0
end_of_record
TN:
SF:/Users/Sausage/codingChallenges/findDupes.js
FN:7,findTwins
FNF:1
FNH:0
FNDA:0,findTwins
DA:8,0
DA:9,0
DA:10,0
DA:12,0
DA:13,0
DA:14,0
DA:15,0
DA:17,0
DA:20,0
DA:21,0
DA:22,0
DA:24,0
DA:25,0
DA:31,0
DA:32,0
DA:36,0
DA:37,0
DA:38,0
DA:39,0
LF:19
LH:0
BRDA:8,0,0,0
BRDA:8,0,1,0
BRDA:14,1,0,0
BRDA:14,1,1,0
BRDA:21,2,0,0
BRDA:21,2,1,0
BRDA:24,3,0,0
BRDA:24,3,1,0
BRDA:31,4,0,0
BRDA:31,4,1,0
BRF:10
BRH:0
end_of_record
TN:
SF:/Users/Sausage/codingChallenges/highestScoringWord.js
FN:7,highestScoringWord
FNF:1
FNH:0
FNDA:0,highestScoringWord
DA:8,0
DA:9,0
DA:10,0
DA:12,0
DA:13,0
DA:14,0
DA:16,0
DA:17,0
DA:19,0
DA:20,0
DA:23,0
DA:26,0
LF:12
LH:0
BRDA:19,0,0,0
BRDA:19,0,1,0
BRF:2
BRH:0
end_of_record
TN:
SF:/Users/Sausage/codingChallenges/longestLetterStreak.js
FN:16,longestLetterStreak
FNF:1
FNH:0
FNDA:0,longestLetterStreak
DA:19,0
DA:20,0
DA:22,0
DA:23,0
DA:25,0
DA:27,0
DA:29,0
DA:30,0
DA:34,0
DA:37,0
LF:10
LH:0
BRDA:25,0,0,0
BRDA:25,0,1,0
BRDA:29,1,0,0
BRDA:29,1,1,0
BRF:4
BRH:0
end_of_record
TN:
SF:/Users/Sausage/codingChallenges/mySlice.js
FN:14,mySlice
FNF:1
FNH:0
FNDA:0,mySlice
DA:15,0
DA:16,0
DA:17,0
DA:20,0
DA:21,0
DA:26,0
DA:28,0
DA:31,0
DA:32,0
DA:33,0
DA:34,0
DA:36,0
DA:37,0
DA:40,0
LF:14
LH:0
BRDA:16,0,0,0
BRDA:16,0,1,0
BRDA:20,1,0,0
BRDA:20,1,1,0
BRDA:26,2,0,0
BRDA:26,2,1,0
BRF:6
BRH:0
end_of_record
TN:
SF:/Users/Sausage/codingChallenges/newerThanVersion.js
FN:14,(anonymous_0)
FN:36,assert
FNF:2
FNH:0
FNDA:0,(anonymous_0)
FNDA:0,assert
DA:14,0
DA:15,0
DA:16,0
DA:19,0
DA:22,0
DA:23,0
DA:25,0
DA:26,0
DA:28,0
DA:31,0
DA:37,0
DA:38,0
DA:40,0
DA:47,0
DA:48,0
DA:49,0
DA:50,0
DA:51,0
DA:52,0
DA:53,0
DA:54,0
DA:55,0
DA:56,0
LF:23
LH:0
BRDA:22,0,0,0
BRDA:22,0,1,0
BRDA:25,1,0,0
BRDA:25,1,1,0
BRDA:37,2,0,0
BRDA:37,2,1,0
BRF:6
BRH:0
end_of_record
TN:
SF:/Users/Sausage/codingChallenges/palindromeRecursive.js
FN:1,palindrome
FNF:1
FNH:0
FNDA:0,palindrome
DA:2,0
DA:4,0
DA:5,0
DA:7,0
DA:8,0
DA:11,0
DA:14,0
DA:15,0
LF:8
LH:0
BRDA:4,0,0,0
BRDA:4,0,1,0
BRDA:7,1,0,0
BRDA:7,1,1,0
BRF:4
BRH:0
end_of_record
TN:
SF:/Users/Sausage/codingChallenges/rankings.js
FN:6,rankings
FN:8,(anonymous_1)
FNF:2
FNH:0
FNDA:0,rankings
FNDA:0,(anonymous_1)
DA:8,0
DA:9,0
DA:10,0
DA:11,0
DA:13,0
DA:18,0
DA:20,0
DA:24,0
DA:25,0
DA:26,0
DA:29,0
DA:31,0
DA:33,0
LF:13
LH:0
BRF:0
BRH:0
end_of_record
TN:
SF:/Users/Sausage/codingChallenges/recursionPower.js
FN:1,power
FNF:1
FNH:0
FNDA:0,power
DA:3,0
DA:4,0
DA:19,0
DA:23,0
LF:4
LH:0
BRDA:3,0,0,0
BRDA:3,0,1,0
BRF:2
BRH:0
end_of_record
TN:
SF:/Users/Sausage/codingChallenges/recursionReverseArray.js
FN:1,reverseArr
FNF:1
FNH:0
FNDA:0,reverseArr
DA:2,0
DA:3,0
DA:13,0
DA:16,0
DA:18,0
DA:20,0
LF:6
LH:0
BRDA:2,0,0,0
BRDA:2,0,1,0
BRF:2
BRH:0
end_of_record
TN:
SF:/Users/Sausage/codingChallenges/recursion_countVowels.js
FN:3,countVowels
FN:19,isVowel
FNF:2
FNH:0
FNDA:0,countVowels
FNDA:0,isVowel
DA:5,0
DA:6,0
DA:9,0
DA:10,0
DA:13,0
DA:20,0
DA:21,0
DA:25,0
LF:8
LH:0
BRDA:5,0,0,0
BRDA:5,0,1,0
BRF:2
BRH:0
end_of_record
TN:
SF:/Users/Sausage/codingChallenges/reduceObj.js
FN:1,strFrequency
FN:3,(anonymous_1)
FNF:2
FNH:0
FNDA:0,strFrequency
FNDA:0,(anonymous_1)
DA:3,0
DA:4,0
DA:5,0
DA:7,0
DA:9,0
DA:13,0
DA:15,0
LF:7
LH:0
BRDA:4,0,0,0
BRDA:4,0,1,0
BRF:2
BRH:0
end_of_record
TN:
SF:/Users/Sausage/codingChallenges/stockTicker.js
FN:9,totalPortfolioValue
FNF:1
FNH:0
FNDA:0,totalPortfolioValue
DA:10,0
DA:11,0
DA:12,0
DA:13,0
DA:14,0
DA:17,0
DA:19,0
DA:21,0
DA:26,0
DA:27,0
DA:29,0
LF:11
LH:0
BRDA:13,0,0,0
BRDA:13,0,1,0
BRF:2
BRH:0
end_of_record
TN:
SF:/Users/Sausage/codingChallenges/twoHighest.js
FN:7,twoHighest
FNF:1
FNH:0
FNDA:0,twoHighest
DA:9,0
DA:10,0
DA:13,0
DA:15,0
DA:17,0
DA:20,0
DA:22,0
DA:24,0
DA:26,0
DA:31,0
DA:34,0
LF:11
LH:0
BRDA:15,0,0,0
BRDA:15,0,1,0
BRDA:20,1,0,0
BRDA:20,1,1,0
BRF:4
BRH:0
end_of_record
